<?xml version="1.0" encoding="UTF-8"?>
<!-- Generated by org.testng.reporters.JUnitReportReporter -->
<testsuite hostname="DESKTOP-I5M42O3" failures="0" tests="1" name="com.runner.TendableRunner" time="19.957" errors="0" timestamp="2024-03-11T19:06:27 IST" skipped="0">
  <testcase classname="com.runner.TendableRunner" name="tendableTest" time="19.957"/>
</testsuite> <!-- com.runner.TendableRunner -->
